[debug] [2025-10-24T01:51:57.615Z] ----------------------------------------------------------------------
[debug] [2025-10-24T01:51:57.618Z] Command:       C:\Program Files\nodejs\node.exe C:\Users\nvafe\AppData\Roaming\npm\node_modules\firebase-tools\lib\bin\firebase.js init
[debug] [2025-10-24T01:51:57.618Z] CLI Version:   14.22.0
[debug] [2025-10-24T01:51:57.618Z] Platform:      win32
[debug] [2025-10-24T01:51:57.618Z] Node Version:  v22.17.0
[debug] [2025-10-24T01:51:57.618Z] Time:          Thu Oct 23 2025 21:51:57 GMT-0400 (Eastern Daylight Time)
[debug] [2025-10-24T01:51:57.618Z] ----------------------------------------------------------------------
[debug] 
[info] 
     ######## #### ########  ######## ########     ###     ######  ########
     ##        ##  ##     ## ##       ##     ##  ##   ##  ##       ##
     ######    ##  ########  ######   ########  #########  ######  ######
     ##        ##  ##    ##  ##       ##     ## ##     ##       ## ##
     ##       #### ##     ## ######## ########  ##     ##  ######  ########

You're about to initialize a Firebase project in this directory:

  C:\Personal CS Work\HDFS108\client

Before we get started, keep in mind:

  * You are currently outside your home directory

[info] 
=== Project Setup
[info] 
[info] First, let's associate this project directory with a Firebase project.
[info] You can create multiple project aliases by running firebase use --add, 
[info] 
[debug] [2025-10-24T01:53:36.378Z] > command requires scopes: ["email","openid","https://www.googleapis.com/auth/cloudplatformprojects.readonly","https://www.googleapis.com/auth/firebase","https://www.googleapis.com/auth/cloud-platform"]
[debug] [2025-10-24T01:53:36.378Z] > authorizing via signed-in user (nvafeomo05@gmail.com)
[debug] [2025-10-24T01:53:36.379Z] Checked if tokens are valid: false, expires at: 1761256803485
[debug] [2025-10-24T01:53:36.379Z] Checked if tokens are valid: false, expires at: 1761256803485
[debug] [2025-10-24T01:53:36.379Z] > refreshing access token with scopes: []
[debug] [2025-10-24T01:53:36.381Z] >>> [apiv2][query] POST https://www.googleapis.com/oauth2/v3/token [none]
[debug] [2025-10-24T01:53:36.381Z] >>> [apiv2][body] POST https://www.googleapis.com/oauth2/v3/token [omitted]
[debug] [2025-10-24T01:53:36.533Z] <<< [apiv2][status] POST https://www.googleapis.com/oauth2/v3/token 200
[debug] [2025-10-24T01:53:36.533Z] <<< [apiv2][body] POST https://www.googleapis.com/oauth2/v3/token [omitted]
[debug] [2025-10-24T01:53:36.538Z] >>> [apiv2][query] GET https://firebase.googleapis.com/v1beta1/projects pageSize=100
[debug] [2025-10-24T01:53:36.904Z] <<< [apiv2][status] GET https://firebase.googleapis.com/v1beta1/projects 200
[debug] [2025-10-24T01:53:36.904Z] <<< [apiv2][body] GET https://firebase.googleapis.com/v1beta1/projects [omitted]
[info] 
=== Dataconnect Setup
[debug] [2025-10-24T01:53:46.414Z] Checked if tokens are valid: true, expires at: 1761274415533
[debug] [2025-10-24T01:53:46.415Z] Checked if tokens are valid: true, expires at: 1761274415533
[debug] [2025-10-24T01:53:46.415Z] >>> [apiv2][query] GET https://cloudbilling.googleapis.com/v1/projects/flourish-app-77e3d/billingInfo [none]
[debug] [2025-10-24T01:53:46.584Z] <<< [apiv2][status] GET https://cloudbilling.googleapis.com/v1/projects/flourish-app-77e3d/billingInfo 200
[debug] [2025-10-24T01:53:46.585Z] <<< [apiv2][body] GET https://cloudbilling.googleapis.com/v1/projects/flourish-app-77e3d/billingInfo {"name":"projects/flourish-app-77e3d/billingInfo","projectId":"flourish-app-77e3d","billingAccountName":"","billingEnabled":false}
[info] i  dataconnect: ensuring required API firebasedataconnect.googleapis.com is enabled... 
[debug] [2025-10-24T01:53:46.585Z] Checked if tokens are valid: true, expires at: 1761274415533
[debug] [2025-10-24T01:53:46.585Z] Checked if tokens are valid: true, expires at: 1761274415533
[info] i  dataconnect: ensuring required API sqladmin.googleapis.com is enabled... 
[debug] [2025-10-24T01:53:46.586Z] Checked if tokens are valid: true, expires at: 1761274415533
[debug] [2025-10-24T01:53:46.586Z] Checked if tokens are valid: true, expires at: 1761274415533
[debug] [2025-10-24T01:53:46.586Z] >>> [apiv2][query] GET https://serviceusage.googleapis.com/v1/projects/flourish-app-77e3d/services/firebasedataconnect.googleapis.com [none]
[debug] [2025-10-24T01:53:46.586Z] >>> [apiv2][(partial)header] GET https://serviceusage.googleapis.com/v1/projects/flourish-app-77e3d/services/firebasedataconnect.googleapis.com x-goog-quota-user=projects/flourish-app-77e3d
[debug] [2025-10-24T01:53:46.587Z] >>> [apiv2][query] GET https://serviceusage.googleapis.com/v1/projects/flourish-app-77e3d/services/sqladmin.googleapis.com [none]
[debug] [2025-10-24T01:53:46.587Z] >>> [apiv2][(partial)header] GET https://serviceusage.googleapis.com/v1/projects/flourish-app-77e3d/services/sqladmin.googleapis.com x-goog-quota-user=projects/flourish-app-77e3d
[debug] [2025-10-24T01:53:46.890Z] <<< [apiv2][status] GET https://serviceusage.googleapis.com/v1/projects/flourish-app-77e3d/services/sqladmin.googleapis.com 200
[debug] [2025-10-24T01:53:46.890Z] <<< [apiv2][body] GET https://serviceusage.googleapis.com/v1/projects/flourish-app-77e3d/services/sqladmin.googleapis.com [omitted]
[warn] !  dataconnect: missing required API sqladmin.googleapis.com. Enabling now... 
[debug] [2025-10-24T01:53:46.890Z] Checked if tokens are valid: true, expires at: 1761274415533
[debug] [2025-10-24T01:53:46.890Z] Checked if tokens are valid: true, expires at: 1761274415533
[debug] [2025-10-24T01:53:46.890Z] >>> [apiv2][query] POST https://serviceusage.googleapis.com/v1/projects/flourish-app-77e3d/services/sqladmin.googleapis.com:enable [none]
[debug] [2025-10-24T01:53:46.890Z] >>> [apiv2][(partial)header] POST https://serviceusage.googleapis.com/v1/projects/flourish-app-77e3d/services/sqladmin.googleapis.com:enable x-goog-quota-user=projects/flourish-app-77e3d
[debug] [2025-10-24T01:53:46.934Z] <<< [apiv2][status] GET https://serviceusage.googleapis.com/v1/projects/flourish-app-77e3d/services/firebasedataconnect.googleapis.com 200
[debug] [2025-10-24T01:53:46.934Z] <<< [apiv2][body] GET https://serviceusage.googleapis.com/v1/projects/flourish-app-77e3d/services/firebasedataconnect.googleapis.com [omitted]
[warn] !  dataconnect: missing required API firebasedataconnect.googleapis.com. Enabling now... 
[debug] [2025-10-24T01:53:46.934Z] Checked if tokens are valid: true, expires at: 1761274415533
[debug] [2025-10-24T01:53:46.934Z] Checked if tokens are valid: true, expires at: 1761274415533
[debug] [2025-10-24T01:53:46.934Z] >>> [apiv2][query] POST https://serviceusage.googleapis.com/v1/projects/flourish-app-77e3d/services/firebasedataconnect.googleapis.com:enable [none]
[debug] [2025-10-24T01:53:46.934Z] >>> [apiv2][(partial)header] POST https://serviceusage.googleapis.com/v1/projects/flourish-app-77e3d/services/firebasedataconnect.googleapis.com:enable x-goog-quota-user=projects/flourish-app-77e3d
[debug] [2025-10-24T01:53:47.692Z] <<< [apiv2][status] POST https://serviceusage.googleapis.com/v1/projects/flourish-app-77e3d/services/sqladmin.googleapis.com:enable 200
[debug] [2025-10-24T01:53:47.693Z] <<< [apiv2][body] POST https://serviceusage.googleapis.com/v1/projects/flourish-app-77e3d/services/sqladmin.googleapis.com:enable [omitted]
[debug] [2025-10-24T01:53:47.926Z] <<< [apiv2][status] POST https://serviceusage.googleapis.com/v1/projects/flourish-app-77e3d/services/firebasedataconnect.googleapis.com:enable 200
[debug] [2025-10-24T01:53:47.926Z] <<< [apiv2][body] POST https://serviceusage.googleapis.com/v1/projects/flourish-app-77e3d/services/firebasedataconnect.googleapis.com:enable [omitted]
[debug] [2025-10-24T01:53:57.930Z] Checked if tokens are valid: true, expires at: 1761274415533
[debug] [2025-10-24T01:53:57.930Z] Checked if tokens are valid: true, expires at: 1761274415533
[debug] [2025-10-24T01:53:57.930Z] >>> [apiv2][query] GET https://firebasedataconnect.googleapis.com/v1/projects/flourish-app-77e3d/locations/-/services [none]
[debug] [2025-10-24T01:53:58.479Z] <<< [apiv2][status] GET https://firebasedataconnect.googleapis.com/v1/projects/flourish-app-77e3d/locations/-/services 200
[debug] [2025-10-24T01:53:58.479Z] <<< [apiv2][body] GET https://firebasedataconnect.googleapis.com/v1/projects/flourish-app-77e3d/locations/-/services {}
[info] i  : ensuring required API cloudaicompanion.googleapis.com is enabled... 
[debug] [2025-10-24T01:54:03.060Z] Checked if tokens are valid: true, expires at: 1761274415533
[debug] [2025-10-24T01:54:03.060Z] Checked if tokens are valid: true, expires at: 1761274415533
[debug] [2025-10-24T01:54:03.060Z] >>> [apiv2][query] GET https://serviceusage.googleapis.com/v1/projects/flourish-app-77e3d/services/cloudaicompanion.googleapis.com [none]
[debug] [2025-10-24T01:54:03.060Z] >>> [apiv2][(partial)header] GET https://serviceusage.googleapis.com/v1/projects/flourish-app-77e3d/services/cloudaicompanion.googleapis.com x-goog-quota-user=projects/flourish-app-77e3d
[debug] [2025-10-24T01:54:03.310Z] <<< [apiv2][status] GET https://serviceusage.googleapis.com/v1/projects/flourish-app-77e3d/services/cloudaicompanion.googleapis.com 200
[debug] [2025-10-24T01:54:03.310Z] <<< [apiv2][body] GET https://serviceusage.googleapis.com/v1/projects/flourish-app-77e3d/services/cloudaicompanion.googleapis.com [omitted]
[info] +  : required API cloudaicompanion.googleapis.com is enabled 
